#
# There is insufficient memory for the Java Runtime Environment to continue.
# Native memory allocation (malloc) failed to allocate 163456 bytes for Chunk::new
# Possible reasons:
#   The system is out of physical RAM or swap space
#   In 32 bit mode, the process size limit was hit
# Possible solutions:
#   Reduce memory load on the system
#   Increase physical memory or swap space
#   Check if swap backing store is full
#   Use 64 bit Java on a 64 bit OS
#   Decrease Java heap size (-Xmx/-Xms)
#   Decrease number of Java threads
#   Decrease Java thread stack sizes (-Xss)
#   Set larger code cache with -XX:ReservedCodeCacheSize=
# This output file may be truncated or incomplete.
#
#  Out of Memory Error (allocation.cpp:390), pid=1316, tid=0x0000000000005294
#
# JRE version: Java(TM) SE Runtime Environment (8.0_101-b13) (build 1.8.0_101-b13)
# Java VM: Java HotSpot(TM) 64-Bit Server VM (25.101-b13 mixed mode windows-amd64 compressed oops)
# Failed to write core dump. Minidumps are not enabled by default on client versions of Windows
#

---------------  T H R E A D  ---------------

Current thread (0x00000000027e0000):  JavaThread "C2 CompilerThread0" daemon [_thread_in_native, id=21140, stack(0x0000000003f40000,0x0000000004040000)]

Stack: [0x0000000003f40000,0x0000000004040000]
[error occurred during error reporting (printing stack bounds), id 0xc0000005]

Native frames: (J=compiled Java code, j=interpreted, Vv=VM code, C=native code)


Current CompileTask:
C2:  28908 1157       4       org.openqa.selenium.json.Input::peek (9 bytes)


---------------  P R O C E S S  ---------------

Java Threads: ( => current thread )
  0x0000000019cf3000 JavaThread "Okio Watchdog" daemon [_thread_blocked, id=29540, stack(0x000000001a7d0000,0x000000001a8d0000)]
  0x0000000019df6800 JavaThread "OkHttp ConnectionPool" daemon [_thread_blocked, id=36688, stack(0x000000001a2d0000,0x000000001a3d0000)]
  0x0000000019a6a800 JavaThread "Exec Stream Pumper" daemon [_thread_in_native, id=8736, stack(0x000000001a1d0000,0x000000001a2d0000)]
  0x0000000019a69800 JavaThread "Exec Stream Pumper" daemon [_thread_in_native, id=35548, stack(0x000000001a0d0000,0x000000001a1d0000)]
  0x0000000019a77000 JavaThread "UrlChecker-2" daemon [_thread_blocked, id=20424, stack(0x0000000004c80000,0x0000000004d80000)]
  0x0000000019b60800 JavaThread "Exec Default Executor" daemon [_thread_in_native, id=18152, stack(0x0000000004b80000,0x0000000004c80000)]
  0x0000000004260800 JavaThread "Service Thread" daemon [_thread_blocked, id=24228, stack(0x0000000004640000,0x0000000004740000)]
  0x00000000027eb800 JavaThread "C1 CompilerThread2" daemon [_thread_blocked, id=20360, stack(0x0000000004140000,0x0000000004240000)]
  0x00000000027e8000 JavaThread "C2 CompilerThread1" daemon [_thread_in_native, id=36548, stack(0x0000000004040000,0x0000000004140000)]
=>0x00000000027e0000 JavaThread "C2 CompilerThread0" daemon [_thread_in_native, id=21140, stack(0x0000000003f40000,0x0000000004040000)]
  0x00000000027de800 JavaThread "Attach Listener" daemon [_thread_blocked, id=31896, stack(0x0000000003e40000,0x0000000003f40000)]
  0x00000000027dd000 JavaThread "Signal Dispatcher" daemon [_thread_blocked, id=5128, stack(0x0000000003d40000,0x0000000003e40000)]
  0x00000000027c9800 JavaThread "Finalizer" daemon [_thread_blocked, id=37576, stack(0x0000000003a30000,0x0000000003b30000)]
  0x0000000000b82000 JavaThread "Reference Handler" daemon [_thread_blocked, id=37208, stack(0x0000000003930000,0x0000000003a30000)]
  0x000000000685e800 JavaThread "Forwarding newSession on session null to remote" [_thread_in_native, id=24404, stack(0x0000000000970000,0x0000000000a70000)]

Other Threads:
  0x00000000027a7000 VMThread [stack: 0x0000000003830000,0x0000000003930000] [id=4088]
  0x000000000428e800 WatcherThread [stack: 0x0000000004740000,0x0000000004840000] [id=29856]

VM state:not at safepoint (normal execution)

VM Mutex/Monitor currently owned by a thread: None

Heap:
 PSYoungGen      total 38400K, used 10706K [0x00000000d5e00000, 0x00000000d8880000, 0x0000000100000000)
  eden space 33280K, 16% used [0x00000000d5e00000,0x00000000d6378848,0x00000000d7e80000)
  from space 5120K, 99% used [0x00000000d7e80000,0x00000000d837bfd8,0x00000000d8380000)
  to   space 5120K, 0% used [0x00000000d8380000,0x00000000d8380000,0x00000000d8880000)
 ParOldGen       total 87552K, used 697K [0x0000000081a00000, 0x0000000086f80000, 0x00000000d5e00000)
  object space 87552K, 0% used [0x0000000081a00000,0x0000000081aae790,0x0000000086f80000)
 Metaspace       used 12141K, capacity 12856K, committed 13056K, reserved 1060864K
  class space    used 1553K, capacity 1742K, committed 1792K, reserved 1048576K

Card table byte_map: [0x0000000000f60000,0x0000000001360000] byte_map_base: 0x0000000000b53000

Marking Bits: (ParMarkBitMap*) 0x000000006680a6d0
 Begin Bits: [0x00000000159a0000, 0x0000000017938000)
 End Bits:   [0x0000000017938000, 0x00000000198d0000)

Polling page: 0x0000000000a70000

CodeCache: size=245760Kb used=4107Kb max_used=4107Kb free=241652Kb
 bounds [0x00000000069a0000, 0x0000000006db0000, 0x00000000159a0000]
 total_blobs=1535 nmethods=1157 adapters=291
 compilation: enabled

Compilation events (10 events):
Event: 28.894 Thread 0x00000000027eb800 nmethod 1156 0x0000000006d9b550 code [0x0000000006d9b6c0, 0x0000000006d9b908]
Event: 28.894 Thread 0x00000000027eb800 1155       3       java.util.ArrayDeque::peekFirst (10 bytes)
Event: 28.894 Thread 0x00000000027eb800 nmethod 1155 0x0000000006d9b110 code [0x0000000006d9b260, 0x0000000006d9b3d0]
Event: 28.894 Thread 0x00000000027eb800 1153       3       java.lang.invoke.MemberName::hashCode (39 bytes)
Event: 28.895 Thread 0x00000000027eb800 nmethod 1153 0x0000000006da0890 code [0x0000000006da0aa0, 0x0000000006da1828]
Event: 28.896 Thread 0x00000000027e0000 1157       4       org.openqa.selenium.json.Input::peek (9 bytes)
Event: 28.898 Thread 0x00000000027eb800 1158       3       java.lang.invoke.LambdaForm$MH/245672235::linkToTargetMethod (9 bytes)
Event: 28.899 Thread 0x00000000027eb800 nmethod 1158 0x0000000006da3690 code [0x0000000006da3800, 0x0000000006da3c98]
Event: 28.899 Thread 0x00000000027eb800 1159       3       java.lang.invoke.LambdaForm$DMH/1627800613::invokeStatic_L_L (14 bytes)
Event: 28.899 Thread 0x00000000027eb800 nmethod 1159 0x0000000006da3d90 code [0x0000000006da3f20, 0x0000000006da4478]

GC Heap History (2 events):
Event: 14.898 GC heap before
{Heap before GC invocations=1 (full 0):
 PSYoungGen      total 38400K, used 33280K [0x00000000d5e00000, 0x00000000d8880000, 0x0000000100000000)
  eden space 33280K, 100% used [0x00000000d5e00000,0x00000000d7e80000,0x00000000d7e80000)
  from space 5120K, 0% used [0x00000000d8380000,0x00000000d8380000,0x00000000d8880000)
  to   space 5120K, 0% used [0x00000000d7e80000,0x00000000d7e80000,0x00000000d8380000)
 ParOldGen       total 87552K, used 0K [0x0000000081a00000, 0x0000000086f80000, 0x00000000d5e00000)
  object space 87552K, 0% used [0x0000000081a00000,0x0000000081a00000,0x0000000086f80000)
 Metaspace       used 11301K, capacity 11924K, committed 12160K, reserved 1060864K
  class space    used 1451K, capacity 1630K, committed 1664K, reserved 1048576K
Event: 14.905 GC heap after
Heap after GC invocations=1 (full 0):
 PSYoungGen      total 38400K, used 5103K [0x00000000d5e00000, 0x00000000d8880000, 0x0000000100000000)
  eden space 33280K, 0% used [0x00000000d5e00000,0x00000000d5e00000,0x00000000d7e80000)
  from space 5120K, 99% used [0x00000000d7e80000,0x00000000d837bfd8,0x00000000d8380000)
  to   space 5120K, 0% used [0x00000000d8380000,0x00000000d8380000,0x00000000d8880000)
 ParOldGen       total 87552K, used 697K [0x0000000081a00000, 0x0000000086f80000, 0x00000000d5e00000)
  object space 87552K, 0% used [0x0000000081a00000,0x0000000081aae790,0x0000000086f80000)
 Metaspace       used 11301K, capacity 11924K, committed 12160K, reserved 1060864K
  class space    used 1451K, capacity 1630K, committed 1664K, reserved 1048576K
}

Deoptimization events (5 events):
Event: 0.710 Thread 0x000000000685e800 Uncommon trap: reason=unstable_if action=reinterpret pc=0x0000000006adfd48 method=java.lang.String.indexOf([CII[CIII)I @ 134
Event: 1.103 Thread 0x000000000685e800 Uncommon trap: reason=unstable_if action=reinterpret pc=0x0000000006ad56cc method=java.lang.String.startsWith(Ljava/lang/String;I)Z @ 25
Event: 2.266 Thread 0x000000000685e800 Uncommon trap: reason=unstable_if action=reinterpret pc=0x0000000006b0acdc method=java.lang.String.replace(CC)Ljava/lang/String; @ 2
Event: 3.264 Thread 0x0000000019a77000 Uncommon trap: reason=unstable_if action=reinterpret pc=0x0000000006bcaf9c method=java.lang.CharacterDataLatin1.digit(II)I @ 82
Event: 3.782 Thread 0x0000000019a77000 Uncommon trap: reason=unstable_if action=reinterpret pc=0x0000000006bc63d4 method=java.lang.CharacterDataLatin1.digit(II)I @ 82

Internal exceptions (10 events):
Event: 11.183 Thread 0x000000000685e800 Exception <a 'java/lang/IncompatibleClassChangeError': Found class java.lang.Object, but interface was expected> (0x00000000d74d1f50) thrown at [C:\re\workspace\8-2-build-windows-amd64-cygwin\jdk8u101\7261\hotspot\src\share\vm\interpreter\linkResolver.cpp,,VÃ4Âa&@
Event: 11.191 Thread 0x000000000685e800 Exception <a 'java/lang/NoSuchMethodError': java.lang.Object.lambda$or$2(Ljava/util/function/Predicate;Ljava/lang/Object;)Z> (0x00000000d74e0c30) thrown at [C:\re\workspace\8-2-build-windows-amd64-cygwin\jdk8u101\7261\hotspot\src\share\vm\interpreter\linkRÙö,¾W?(@
Event: 12.124 Thread 0x000000000685e800 Exception <a 'java/lang/ArrayIndexOutOfBoundsException': 18> (0x00000000d761c880) thrown at [C:\re\workspace\8-2-build-windows-amd64-cygwin\jdk8u101\7261\hotspot\src\share\vm\interpreter\interpreterRuntime.cpp, line 366]
Event: 12.124 Thread 0x000000000685e800 Exception <a 'java/lang/ArrayIndexOutOfBoundsException': 110> (0x00000000d761df18) thrown at [C:\re\workspace\8-2-build-windows-amd64-cygwin\jdk8u101\7261\hotspot\src\share\vm\interpreter\interpreterRuntime.cpp, line 366]
Event: 12.204 Thread 0x000000000685e800 Exception <a 'java/lang/ArrayIndexOutOfBoundsException'> (0x00000000d761f3d8) thrown at [C:\re\workspace\8-2-build-windows-amd64-cygwin\jdk8u101\7261\hotspot\src\share\vm\runtime\sharedRuntime.cpp, line 605]
Event: 12.206 Thread 0x000000000685e800 Exception <a 'java/lang/ArrayIndexOutOfBoundsException'> (0x00000000d7620798) thrown at [C:\re\workspace\8-2-build-windows-amd64-cygwin\jdk8u101\7261\hotspot\src\share\vm\runtime\sharedRuntime.cpp, line 605]
Event: 12.207 Thread 0x000000000685e800 Exception <a 'java/lang/ArrayIndexOutOfBoundsException'> (0x00000000d7621a10) thrown at [C:\re\workspace\8-2-build-windows-amd64-cygwin\jdk8u101\7261\hotspot\src\share\vm\runtime\sharedRuntime.cpp, line 605]
Event: 12.207 Thread 0x000000000685e800 Exception <a 'java/lang/ArrayIndexOutOfBoundsException'> (0x00000000d7627f70) thrown at [C:\re\workspace\8-2-build-windows-amd64-cygwin\jdk8u101\7261\hotspot\src\share\vm\runtime\sharedRuntime.cpp, line 605]
Event: 12.208 Thread 0x000000000685e800 Exception <a 'java/lang/ArrayIndexOutOfBoundsException'> (0x00000000d762d9a8) thrown at [C:\re\workspace\8-2-build-windows-amd64-cygwin\jdk8u101\7261\hotspot\src\share\vm\runtime\sharedRuntime.cpp, line 605]
Event: 12.775 Thread 0x000000000685e800 Exception <a 'java/lang/NoSuchMethodError': java.lang.Object.lambda$chars$0()Ljava/util/Spliterator$OfInt;> (0x00000000d782c9b8) thrown at [C:\re\workspace\8-2-build-windows-amd64-cygwin\jdk8u101\7261\hotspot\src\share\vm\interpreter\linkResolver.cpp, lineiù&ò]&@

Events (10 events):
Event: 28.893 loading class org/openqa/selenium/json/NumberCoercer
Event: 28.893 loading class org/openqa/selenium/json/NumberCoercer done
Event: 28.893 loading class org/openqa/selenium/json/NumberCoercer$1
Event: 28.893 loading class org/openqa/selenium/json/NumberCoercer$1 done
Event: 28.895 loading class java/math/BigDecimal$1
Event: 28.895 loading class java/math/BigDecimal$1 done
Event: 28.895 loading class java/math/MathContext
Event: 28.895 loading class java/math/MathContext done
Event: 28.899 loading class org/openqa/selenium/remote/InitialHandshakeResponse
Event: 28.899 loading class org/openqa/selenium/remote/InitialHandshakeResponse done


Dynamic libraries:
0x00007ff7fb830000 - 0x00007ff7fb867000 	C:\Program Files\Java\jre1.8.0_101\bin\javaw.exe
0x00007fff11080000 - 0x00007fff11270000 	C:\WINDOWS\SYSTEM32\ntdll.dll
0x00007fff0f580000 - 0x00007fff0f632000 	C:\WINDOWS\System32\KERNEL32.DLL
0x00007fff0eb70000 - 0x00007fff0ee15000 	C:\WINDOWS\System32\KERNELBASE.dll
0x0000000069830000 - 0x00000000698d6000 	C:\WINDOWS\System32\SYSFER.DLL
0x0000000065990000 - 0x0000000065cb9000 	C:\ProgramData\Symantec\Symantec Endpoint Protection\14.3.558.0000.105\Data\Definitions\IPSDefs\20210420.071\IPSEng64.dll
0x00007fff106e0000 - 0x00007fff10783000 	C:\WINDOWS\System32\ADVAPI32.dll
0x00007fff0f660000 - 0x00007fff0f6fe000 	C:\WINDOWS\System32\msvcrt.dll
0x00007fff10640000 - 0x00007fff106d7000 	C:\WINDOWS\System32\sechost.dll
0x00007fff0f700000 - 0x00007fff0f81f000 	C:\WINDOWS\System32\RPCRT4.dll
0x00007fff0f510000 - 0x00007fff0f518000 	C:\WINDOWS\System32\PSAPI.DLL
0x00007fff0f820000 - 0x00007fff0f9b4000 	C:\WINDOWS\System32\USER32.dll
0x00007fff0e170000 - 0x00007fff0e191000 	C:\WINDOWS\System32\win32u.dll
0x00007fff0fd00000 - 0x00007fff0fd26000 	C:\WINDOWS\System32\GDI32.dll
0x00007fff0eed0000 - 0x00007fff0f068000 	C:\WINDOWS\System32\gdi32full.dll
0x00007fff0e1f0000 - 0x00007fff0e28e000 	C:\WINDOWS\System32\msvcp_win.dll
0x00007fff0ea70000 - 0x00007fff0eb6a000 	C:\WINDOWS\System32\ucrtbase.dll
0x00007ffef13a0000 - 0x00007ffef1624000 	C:\WINDOWS\WinSxS\amd64_microsoft.windows.common-controls_6595b64144ccf1df_6.0.18362.1440_none_9e7dbfb9e45e8e67\COMCTL32.dll
0x00007fff10790000 - 0x00007fff10ac6000 	C:\WINDOWS\System32\combase.dll
0x00007fff0f0a0000 - 0x00007fff0f121000 	C:\WINDOWS\System32\bcryptPrimitives.dll
0x00007fff10ba0000 - 0x00007fff10bce000 	C:\WINDOWS\System32\IMM32.DLL
0x00007fff06810000 - 0x00007fff0687d000 	C:\Program Files\Manufacturer\Endpoint Agent\prntm64.dll
0x00007fff10b40000 - 0x00007fff10b92000 	C:\WINDOWS\System32\SHLWAPI.dll
0x00007fff0f270000 - 0x00007fff0f3c7000 	C:\WINDOWS\System32\ole32.dll
0x00007fff0fe20000 - 0x00007fff0fee5000 	C:\WINDOWS\System32\OLEAUT32.dll
0x00007ffefa2b0000 - 0x00007ffefa2bc000 	C:\WINDOWS\SYSTEM32\Secur32.dll
0x00007ffee2060000 - 0x00007ffee20e9000 	C:\WINDOWS\SYSTEM32\WINSPOOL.DRV
0x00007fff0df40000 - 0x00007fff0df51000 	C:\WINDOWS\System32\kernel.appcore.dll
0x00007fff0f070000 - 0x00007fff0f096000 	C:\WINDOWS\System32\bcrypt.dll
0x00007ffed09c0000 - 0x00007ffed0aaf000 	C:\Program Files\Java\jre1.8.0_101\bin\MSVCR120.dll
0x00007ffece110000 - 0x00007ffece1b6000 	C:\Program Files\Java\jre1.8.0_101\bin\MSVCP120.dll
0x00007fff06160000 - 0x00007fff06250000 	C:\WINDOWS\SYSTEM32\PROPSYS.dll
0x00007fff0fc50000 - 0x00007fff0fcf7000 	C:\WINDOWS\System32\shcore.dll
0x00007fff0d480000 - 0x00007fff0d4ba000 	C:\WINDOWS\SYSTEM32\IPHLPAPI.DLL
0x00007fff0de10000 - 0x00007fff0de47000 	C:\WINDOWS\SYSTEM32\SSPICLI.DLL
0x0000000066ca0000 - 0x0000000066d72000 	C:\Program Files\Java\jre1.8.0_101\bin\msvcr100.dll
0x0000000065ff0000 - 0x000000006688a000 	C:\Program Files\Java\jre1.8.0_101\bin\server\jvm.dll
0x00007ffef61f0000 - 0x00007ffef61f9000 	C:\WINDOWS\SYSTEM32\WSOCK32.dll
0x00007fff10ad0000 - 0x00007fff10b3f000 	C:\WINDOWS\System32\WS2_32.dll
0x00007fff082b0000 - 0x00007fff082d4000 	C:\WINDOWS\SYSTEM32\WINMM.dll
0x00007ffefb6f0000 - 0x00007ffefb6fa000 	C:\WINDOWS\SYSTEM32\VERSION.dll
0x00007fff08280000 - 0x00007fff082ad000 	C:\WINDOWS\SYSTEM32\WINMMBASE.dll
0x00007fff0e1a0000 - 0x00007fff0e1ea000 	C:\WINDOWS\System32\cfgmgr32.dll
0x00000000693a0000 - 0x00000000693af000 	C:\Program Files\Java\jre1.8.0_101\bin\verify.dll
0x0000000069370000 - 0x0000000069399000 	C:\Program Files\Java\jre1.8.0_101\bin\java.dll
0x0000000069350000 - 0x0000000069366000 	C:\Program Files\Java\jre1.8.0_101\bin\zip.dll
0x00007fff0fef0000 - 0x00007fff105d8000 	C:\WINDOWS\System32\SHELL32.dll
0x00007fff0e290000 - 0x00007fff0ea0b000 	C:\WINDOWS\System32\windows.storage.dll
0x00007fff0dfb0000 - 0x00007fff0dfce000 	C:\WINDOWS\System32\profapi.dll
0x00007fff0df60000 - 0x00007fff0dfaa000 	C:\WINDOWS\System32\powrprof.dll
0x00007fff0df30000 - 0x00007fff0df40000 	C:\WINDOWS\System32\UMPDC.dll
0x00007fff0e150000 - 0x00007fff0e167000 	C:\WINDOWS\System32\cryptsp.dll
0x0000000069330000 - 0x000000006934a000 	C:\Program Files\Java\jre1.8.0_101\bin\net.dll
0x00007fff0d770000 - 0x00007fff0d7d7000 	C:\WINDOWS\system32\mswsock.dll
0x00007fff0d4c0000 - 0x00007fff0d58b000 	C:\WINDOWS\SYSTEM32\DNSAPI.dll
0x00007fff0fc40000 - 0x00007fff0fc48000 	C:\WINDOWS\System32\NSI.dll
0x00007ffef8a40000 - 0x00007ffef8a4a000 	C:\Windows\System32\rasadhlp.dll
0x00007ffefe080000 - 0x00007ffefe0f7000 	C:\WINDOWS\System32\fwpuclnt.dll
0x0000000069240000 - 0x0000000069264000 	C:\Program Files\Java\jre1.8.0_101\bin\sunec.dll
0x0000000067440000 - 0x000000006744b000 	C:\Program Files\Java\jre1.8.0_101\bin\sunmscapi.dll
0x00007fff0dff0000 - 0x00007fff0e141000 	C:\WINDOWS\System32\CRYPT32.dll
0x00007fff0dfd0000 - 0x00007fff0dfe2000 	C:\WINDOWS\System32\MSASN1.dll
0x00007fff0d020000 - 0x00007fff0d053000 	C:\WINDOWS\system32\rsaenh.dll
0x00007fff0de50000 - 0x00007fff0de75000 	C:\WINDOWS\SYSTEM32\USERENV.dll
0x00007fff0d940000 - 0x00007fff0d94c000 	C:\WINDOWS\SYSTEM32\CRYPTBASE.dll
0x00007ffefd760000 - 0x00007ffefd776000 	C:\WINDOWS\SYSTEM32\dhcpcsvc6.DLL
0x00007ffefd740000 - 0x00007ffefd75c000 	C:\WINDOWS\SYSTEM32\dhcpcsvc.DLL
0x0000000069310000 - 0x0000000069321000 	C:\Program Files\Java\jre1.8.0_101\bin\nio.dll

VM Arguments:
jvm_args: -Dfile.encoding=UTF-8 
java_command: DemoProjectSelenium.DemoProjectSelenium.elements
java_class_path (initial): C:\Users\rahul-shar\AppData\Local\Programs\Python\Python36\Python_Workspace\JavaLearning\DemoProjectSelenium\target\test-classes;C:\Users\rahul-shar\AppData\Local\Programs\Python\Python36\Python_Workspace\JavaLearning\DemoProjectSelenium\target\classes;C:\Users\rahul-shar\.m2\repository\org\seleniumhq\selenium\selenium-java\3.141.59\selenium-java-3.141.59.jar;C:\Users\rahul-shar\.m2\repository\org\seleniumhq\selenium\selenium-api\3.141.59\selenium-api-3.141.59.jar;C:\Users\rahul-shar\.m2\repository\org\seleniumhq\selenium\selenium-chrome-driver\3.141.59\selenium-chrome-driver-3.141.59.jar;C:\Users\rahul-shar\.m2\repository\org\seleniumhq\selenium\selenium-edge-driver\3.141.59\selenium-edge-driver-3.141.59.jar;C:\Users\rahul-shar\.m2\repository\org\seleniumhq\selenium\selenium-firefox-driver\3.141.59\selenium-firefox-driver-3.141.59.jar;C:\Users\rahul-shar\.m2\repository\org\seleniumhq\selenium\selenium-ie-driver\3.141.59\selenium-ie-driver-3.141.59.jar;C:\Users\rahul-shar\.m2\repository\org\seleniumhq\selenium\selenium-opera-driver\3.141.59\selenium-opera-driver-3.141.59.jar;C:\Users\rahul-shar\.m2\repository\org\seleniumhq\selenium\selenium-remote-driver\3.141.59\selenium-remote-driver-3.141.59.jar;C:\Users\rahul-shar\.m2\repository\org\seleniumhq\selenium\selenium-safari-driver\3.141.59\selenium-safari-driver-3.141.59.jar;C:\Users\rahul-shar\.m2\repository\org\seleniumhq\selenium\selenium-support\3.141.59\selenium-support-3.141.59.jar;C:\Users\rahul-shar\.m2\repository\net\bytebuddy\byte-buddy\1.8.15\byte-buddy-1.8.15.jar;C:\Users\rahul-shar\.m2\repository\org\apache\commons\commons-exec\1.3\commons-exec-1.3.jar;C:\Users\rahul-shar\.m2\repository\com\google\guava\guava\25.0-jre\guava-25.0-jre.jar;C:\Users\rahul-shar\.m2\repository\com\google\code\findbugs\jsr305\1.3.9\jsr305-1.3.9.jar;C:\Users\rahul-shar\.m2\repository\org\checkerframework\checker-compat-qual\2.0.0\checker-compat-qual-2.0.0.jar;C:\Users\rahul-shar\.m2\repository\com\go
Launcher Type: SUN_STANDARD

Environment Variables:
JAVA_HOME=C:\Program Files\Java\jre1.8.0_101
PATH=C:/Program Files/Java/jre1.8.0_101/bin/server;C:/Program Files/Java/jre1.8.0_101/bin;C:/Program Files/Java/jre1.8.0_101/lib/amd64;C:\Program Files (x86)\Common Files\Oracle\Java\javapath;C:\WINDOWS\system32;C:\WINDOWS;C:\WINDOWS\System32\Wbem;C:\WINDOWS\System32\WindowsPowerShell\v1.0\;C:\Windows\CCM;"C:\Program Files\Java\jdk1.8.0_101\bin;";"C:\Users\rahul-shar\AppData\Local\Programs\Python\Python36;C:\Users\rahul-shar\Selenium;";"C:\Users\rahul-shar\AppData\Local\Programs\Python\Python36\Scripts;C:\Program Files (x86)\Microsoft SQL Server\150\DTS\Binn\;C:\Program Files\Microsoft SQL Server\130\Tools\Binn\;C:\Program Files\dotnet\;C:\Program Files\Microsoft SQL Server\Client SDK\ODBC\170\Tools\Binn\;C:\WINDOWS\System32\OpenSSH\";C:\Program Files (x86)\Pulse Secure\VC142.CRT\X64\;C:\Program Files (x86)\Pulse Secure\VC142.CRT\X86\;C:\Users\rahul-shar\AppData\Local\Programs\Python\Python36\Scripts\;C:\Users\rahul-shar\AppData\Local\Programs\Python\Python36\;C:\Users\rahul-shar\AppData\Local\Programs\Python\Python36\Scripts\pip;C:\Users\rahul-shar\AppData\Local\JetBrains\PyCharm Community Edition 2019.1.3\bin;;C:\Users\rahul-shar\AppData\Local\Programs\Git\cmd;C:\Users\rahul-shar\.dotnet\tools;C:\Users\rahul-shar\AppData\Local\Microsoft\WindowsApps;C:\Users\rahul-shar\Downloads\apache-maven-3.6.3-bin\apache-maven-3.6.3\bin;;C:\Users\rahul-shar\Selenium\eclipse-jee-2018-09-win32-x86_64\eclipse;
USERNAME=rahul-shar
OS=Windows_NT
PROCESSOR_IDENTIFIER=Intel64 Family 6 Model 142 Stepping 9, GenuineIntel



---------------  S Y S T E M  ---------------

OS: Windows 10.0 , 64 bit Build 18362 (10.0.18362.1350)

CPU:total 4 (2 cores per cpu, 2 threads per core) family 6 model 142 stepping 9, cmov, cx8, fxsr, mmx, sse, sse2, sse3, ssse3, sse4.1, sse4.2, popcnt, avx, avx2, aes, clmul, erms, 3dnowpref, lzcnt, ht, tsc, tscinvbit, bmi1, bmi2, adx

Memory: 4k page, physical 8281288k(561636k free), swap 16473288k(5136k free)

vm_info: Java HotSpot(TM) 64-Bit Server VM (25.101-b13) for windows-amd64 JRE (1.8.0_101-b13), built on Jun 22 2016 01:21:29 by "java_re" with MS VC++ 10.0 (VS2010)

time: Wed Apr 21 16:25:58 2021
elapsed time: 28 seconds (0d 0h 0m 28s)

